<?xml version="1.0" encoding="UTF-8"?>
<!-- Generated by org.testng.reporters.JUnitReportReporter -->
<testsuite hostname="DESKTOP-ISNHKOH" failures="0" tests="3" name="com.example.TestNG" time="37.380" errors="0" timestamp="2022-01-24T11:34:29 IST" skipped="0">
  <testcase classname="com.example.TestNG" name="navigateToAUrl" time="2.944"/>
  <system-out/>
  <testcase classname="com.example.TestNG" name="selectBooks" time="6.340"/>
  <system-out/>
  <testcase classname="com.example.TestNG" name="searchBooks" time="28.096"/>
  <system-out/>
</testsuite> <!-- com.example.TestNG -->
