<?xml version="1.0" encoding="UTF-8"?>
<!-- Generated by org.testng.reporters.JUnitReportReporter -->
<testsuite hostname="DESKTOP-ISNHKOH" failures="0" tests="2" name="com.example.TestNG" time="18.731" errors="0" timestamp="2022-01-22T12:23:32 IST" skipped="0">
  <testcase classname="com.example.TestNG" name="navigateToAUrl" time="5.475"/>
  <system-out/>
  <testcase classname="com.example.TestNG" name="selectBooks" time="13.256"/>
  <system-out/>
</testsuite> <!-- com.example.TestNG -->
