<?xml version="1.0" encoding="UTF-8"?>
<!-- Generated by org.testng.reporters.JUnitReportReporter -->
<testsuite hostname="DESKTOP-ISNHKOH" failures="0" tests="3" name="com.example.TestNG" time="61.010" errors="0" timestamp="2022-01-22T17:28:58 IST" skipped="0">
  <testcase classname="com.example.TestNG" name="navigateToAUrl" time="4.995"/>
  <system-out/>
  <testcase classname="com.example.TestNG" name="selectBooks" time="8.966"/>
  <system-out/>
  <testcase classname="com.example.TestNG" name="searchBooks" time="47.049"/>
  <system-out/>
</testsuite> <!-- com.example.TestNG -->
